infotmation processing inequality


משימה:

לקחת דאטה מעכבר שמתרוצץ בארנה של קוטר של 80 סמ הוא לא מקבל מים ואוכל הטא אוהב לרוץ ומתרוצץ 3 שעות עם 124 אלקטרודות במוח 
חלק מהתאים מבודדים טוב וחלק מהתאים הם רעש (מתקבל אחרי עיבוד) וחלק מהספייקים הם אוכלוסיות תאים שנעים ביחד.
אנחנו נסתכל על תא מסויים על דאטה ב-16 ביטים וממנו נרצה לשלוף את הנתונים של x,y של החיה ולהמיר למטרים. 
יהיה לנו סיגנל דגום של 1250HZ של המיקום של החיה. 
הספייקים נמדדים הרבה יותר מהר ונעשה לו down sampling. 
infotmation processing inequality


משימה:

לקחת דאטה מעכבר שמתרוצץ בארנה של קוטר של 80 סמ הוא לא מקבל מים ואוכל הטא אוהב לרוץ ומתרוצץ 3 שעות עם 124 אלקטרודות במוח 
חלק מהתאים מבודדים טוב וחלק מהתאים הם רעש (מתקבל אחרי עיבוד) וחלק מהספייקים הם אוכלוסיות תאים שנעים ביחד.
אנחנו נסתכל על תא מסויים על דאטה ב-16 ביטים וממנו נרצה לשלוף את הנתונים של x,y של החיה ולהמיר למטרים. 
יהיה לנו סיגנל דגום של 1250HZ של המיקום של החיה. 
הספייקים נמדדים הרבה יותר מהר ונעשה לו down sampling. 
נרצה לייצר קצב ספייקים בשניה לפי מיקום (שדה מיקום)
נחלק את המרחב ל- 4 ונחשב את קצב הירי הממוצע בכל רבע . ניקח את סך הזמן שהחיה הייתה באזור ואת סך הספייקים באזור כזה ואז עושים count/t עבור כל השלוש שעות.

לזרוק דאטה שהחיה לא במיקום הנכון (העיגול)


נבחר אקראית מקטע של 5 שניות שהחיה נמצאת בהם באותו אזור ונראה אם מהם אנחנו יכולים להגיע באיזה רבע הוא היה.

Np79_17 בתוך ה דאטה של המאמר wired together
 נרצה קבצי clue (שיוך של כל אחד באיזה נוירון נוצר הספייק ולהתעלם מהראשון)
קבצי rez (מה הזמן של כל ספייק ברזולוציה של 20 KHZ)

לזרוק את כל הדגימות של נוירונים 0,1 

EEG רשימות מהגולגולת זה בינארי ב 1250 HZ למצוא ערוצים שמסתכלים למיקום ונסתכל עליהם עם קובץ xml (שיעזור להבין את ה EEG)

ואז אפשר למדוד את זה בפיקסלים 
להתחיל בתא 1.7
ותא 5.5 
ו 5.14
3.3


